This file contains any messages produced by compilers while
running configure, to aid debugging if configure makes a mistake.

It was created by GLoBES configure 3.2.18, which was
generated by GNU Autoconf 2.69.  Invocation command line was

  $ ./configure --prefix=/home/egp28/SN_stuff/globes-3.2.18/install --disable-binary

## --------- ##
## Platform. ##
## --------- ##

hostname = login1.grace.ycrc.yale.edu
uname -m = x86_64
uname -r = 4.18.0-477.27.1.el8_8.x86_64
uname -s = Linux
uname -v = #1 SMP Thu Aug 31 10:29:22 EDT 2023

/usr/bin/uname -p = x86_64
/bin/uname -X     = unknown

/bin/arch              = x86_64
/usr/bin/arch -k       = unknown
/usr/convex/getsysinfo = unknown
/usr/bin/hostinfo      = unknown
/bin/machine           = unknown
/usr/bin/oslevel       = unknown
/bin/universe          = unknown

PATH: /gpfs/gibbs/project/heeger/egp28/conda_envs/ROOT6/bin
PATH: /vast/palmer/apps/avx2/software/miniconda/23.5.2/condabin
PATH: /vast/palmer/apps/avx2/software/miniconda/23.5.2
PATH: /vast/palmer/apps/avx2/software/miniconda/23.5.2/sbin
PATH: /vast/palmer/apps/avx2/software/miniconda/23.5.2/bin
PATH: /home/egp28/SN_stuff/globes-3.2.18/install/bin
PATH: /vast/palmer/apps/bin
PATH: /usr/local/bin
PATH: /usr/bin
PATH: /usr/local/sbin
PATH: /usr/sbin
PATH: /opt/dell/srvadmin/bin
PATH: /opt/slurm/current/bin
PATH: /home/egp28/.local/bin
PATH: /home/egp28/bin


## ----------- ##
## Core tests. ##
## ----------- ##

configure:2398: checking for a BSD-compatible install
configure:2466: result: /usr/bin/install -c
configure:2477: checking whether build environment is sane
configure:2532: result: yes
configure:2570: WARNING: 'missing' script is too old or missing
configure:2683: checking for a thread-safe mkdir -p
configure:2722: result: /usr/bin/mkdir -p
configure:2729: checking for gawk
configure:2745: found /usr/bin/gawk
configure:2756: result: gawk
configure:2767: checking whether make sets $(MAKE)
configure:2789: result: yes
configure:2818: checking whether make supports nested variables
configure:2835: result: yes
configure:2964: checking whether to enable maintainer-specific portions of Makefiles
configure:2973: result: no
configure:2997: checking whether make supports nested variables
configure:3014: result: yes
configure:3056: checking for x86_64-conda-linux-gnu-gcc
configure:3083: result: /gpfs/gibbs/project/heeger/egp28/conda_envs/ROOT6/bin/x86_64-conda-linux-gnu-cc
configure:3352: checking for C compiler version
configure:3361: /gpfs/gibbs/project/heeger/egp28/conda_envs/ROOT6/bin/x86_64-conda-linux-gnu-cc --version >&5
x86_64-conda-linux-gnu-cc (crosstool-NG 1.24.0.133_b0863d8_dirty) 9.3.0
Copyright (C) 2019 Free Software Foundation, Inc.
This is free software; see the source for copying conditions.  There is NO
warranty; not even for MERCHANTABILITY or FITNESS FOR A PARTICULAR PURPOSE.

configure:3372: $? = 0
configure:3361: /gpfs/gibbs/project/heeger/egp28/conda_envs/ROOT6/bin/x86_64-conda-linux-gnu-cc -v >&5
Reading specs from /gpfs/gibbs/project/heeger/egp28/conda_envs/ROOT6/bin/../lib/gcc/x86_64-conda-linux-gnu/9.3.0/specs
COLLECT_GCC=/gpfs/gibbs/project/heeger/egp28/conda_envs/ROOT6/bin/x86_64-conda-linux-gnu-cc
COLLECT_LTO_WRAPPER=/gpfs/gibbs/project/heeger/egp28/conda_envs/ROOT6/bin/../libexec/gcc/x86_64-conda-linux-gnu/9.3.0/lto-wrapper
Target: x86_64-conda-linux-gnu
Configured with: /home/conda/feedstock_root/build_artifacts/ctng-compilers_1618239181388/work/.build/x86_64-conda-linux-gnu/src/gcc/configure --build=x86_64-build_pc-linux-gnu --host=x86_64-build_pc-linux-gnu --target=x86_64-conda-linux-gnu --prefix=/home/conda/feedstock_root/build_artifacts/ctng-compilers_1618239181388/work/gcc_built --with-sysroot=/home/conda/feedstock_root/build_artifacts/ctng-compilers_1618239181388/work/gcc_built/x86_64-conda-linux-gnu/sysroot --enable-languages=c,c++,fortran,objc,obj-c++ --with-pkgversion='crosstool-NG 1.24.0.133_b0863d8_dirty' --enable-__cxa_atexit --disable-libmudflap --enable-libgomp --disable-libssp --enable-libquadmath --enable-libquadmath-support --enable-libsanitizer --enable-libmpx --with-gmp=/home/conda/feedstock_root/build_artifacts/ctng-compilers_1618239181388/work/.build/x86_64-conda-linux-gnu/buildtools --with-mpfr=/home/conda/feedstock_root/build_artifacts/ctng-compilers_1618239181388/work/.build/x86_64-conda-linux-gnu/buildtools --with-mpc=/home/conda/feedstock_root/build_artifacts/ctng-compilers_1618239181388/work/.build/x86_64-conda-linux-gnu/buildtools --with-isl=/home/conda/feedstock_root/build_artifacts/ctng-compilers_1618239181388/work/.build/x86_64-conda-linux-gnu/buildtools --enable-lto --enable-threads=posix --enable-target-optspace --enable-plugin --enable-gold --disable-nls --disable-multilib --with-local-prefix=/home/conda/feedstock_root/build_artifacts/ctng-compilers_1618239181388/work/gcc_built/x86_64-conda-linux-gnu/sysroot --enable-long-long --enable-default-pie
Thread model: posix
gcc version 9.3.0 (crosstool-NG 1.24.0.133_b0863d8_dirty) 
configure:3372: $? = 0
configure:3361: /gpfs/gibbs/project/heeger/egp28/conda_envs/ROOT6/bin/x86_64-conda-linux-gnu-cc -V >&5
x86_64-conda-linux-gnu-cc: error: unrecognized command line option '-V'
x86_64-conda-linux-gnu-cc: fatal error: no input files
compilation terminated.
configure:3372: $? = 1
configure:3361: /gpfs/gibbs/project/heeger/egp28/conda_envs/ROOT6/bin/x86_64-conda-linux-gnu-cc -qversion >&5
x86_64-conda-linux-gnu-cc: error: unrecognized command line option '-qversion'; did you mean '--version'?
x86_64-conda-linux-gnu-cc: fatal error: no input files
compilation terminated.
configure:3372: $? = 1
configure:3392: checking whether the C compiler works
configure:3414: /gpfs/gibbs/project/heeger/egp28/conda_envs/ROOT6/bin/x86_64-conda-linux-gnu-cc -march=nocona -mtune=haswell -ftree-vectorize -fPIC -fstack-protector-strong -fno-plt -O2 -ffunction-sections -pipe -isystem /gpfs/gibbs/project/heeger/egp28/conda_envs/ROOT6/include -DNDEBUG -D_FORTIFY_SOURCE=2 -O2 -isystem /gpfs/gibbs/project/heeger/egp28/conda_envs/ROOT6/include -Wl,-O2 -Wl,--sort-common -Wl,--as-needed -Wl,-z,relro -Wl,-z,now -Wl,--disable-new-dtags -Wl,--gc-sections -Wl,-rpath,/gpfs/gibbs/project/heeger/egp28/conda_envs/ROOT6/lib -Wl,-rpath-link,/gpfs/gibbs/project/heeger/egp28/conda_envs/ROOT6/lib -L/gpfs/gibbs/project/heeger/egp28/conda_envs/ROOT6/lib conftest.c  >&5
configure:3418: $? = 0
configure:3466: result: yes
configure:3469: checking for C compiler default output file name
configure:3471: result: a.out
configure:3477: checking for suffix of executables
configure:3484: /gpfs/gibbs/project/heeger/egp28/conda_envs/ROOT6/bin/x86_64-conda-linux-gnu-cc -o conftest -march=nocona -mtune=haswell -ftree-vectorize -fPIC -fstack-protector-strong -fno-plt -O2 -ffunction-sections -pipe -isystem /gpfs/gibbs/project/heeger/egp28/conda_envs/ROOT6/include -DNDEBUG -D_FORTIFY_SOURCE=2 -O2 -isystem /gpfs/gibbs/project/heeger/egp28/conda_envs/ROOT6/include -Wl,-O2 -Wl,--sort-common -Wl,--as-needed -Wl,-z,relro -Wl,-z,now -Wl,--disable-new-dtags -Wl,--gc-sections -Wl,-rpath,/gpfs/gibbs/project/heeger/egp28/conda_envs/ROOT6/lib -Wl,-rpath-link,/gpfs/gibbs/project/heeger/egp28/conda_envs/ROOT6/lib -L/gpfs/gibbs/project/heeger/egp28/conda_envs/ROOT6/lib conftest.c  >&5
configure:3488: $? = 0
configure:3510: result: 
configure:3532: checking whether we are cross compiling
configure:3540: /gpfs/gibbs/project/heeger/egp28/conda_envs/ROOT6/bin/x86_64-conda-linux-gnu-cc -o conftest -march=nocona -mtune=haswell -ftree-vectorize -fPIC -fstack-protector-strong -fno-plt -O2 -ffunction-sections -pipe -isystem /gpfs/gibbs/project/heeger/egp28/conda_envs/ROOT6/include -DNDEBUG -D_FORTIFY_SOURCE=2 -O2 -isystem /gpfs/gibbs/project/heeger/egp28/conda_envs/ROOT6/include -Wl,-O2 -Wl,--sort-common -Wl,--as-needed -Wl,-z,relro -Wl,-z,now -Wl,--disable-new-dtags -Wl,--gc-sections -Wl,-rpath,/gpfs/gibbs/project/heeger/egp28/conda_envs/ROOT6/lib -Wl,-rpath-link,/gpfs/gibbs/project/heeger/egp28/conda_envs/ROOT6/lib -L/gpfs/gibbs/project/heeger/egp28/conda_envs/ROOT6/lib conftest.c  >&5
configure:3544: $? = 0
configure:3551: ./conftest
configure:3555: $? = 0
configure:3570: result: no
configure:3575: checking for suffix of object files
configure:3597: /gpfs/gibbs/project/heeger/egp28/conda_envs/ROOT6/bin/x86_64-conda-linux-gnu-cc -c -march=nocona -mtune=haswell -ftree-vectorize -fPIC -fstack-protector-strong -fno-plt -O2 -ffunction-sections -pipe -isystem /gpfs/gibbs/project/heeger/egp28/conda_envs/ROOT6/include -DNDEBUG -D_FORTIFY_SOURCE=2 -O2 -isystem /gpfs/gibbs/project/heeger/egp28/conda_envs/ROOT6/include conftest.c >&5
configure:3601: $? = 0
configure:3622: result: o
configure:3626: checking whether we are using the GNU C compiler
configure:3645: /gpfs/gibbs/project/heeger/egp28/conda_envs/ROOT6/bin/x86_64-conda-linux-gnu-cc -c -march=nocona -mtune=haswell -ftree-vectorize -fPIC -fstack-protector-strong -fno-plt -O2 -ffunction-sections -pipe -isystem /gpfs/gibbs/project/heeger/egp28/conda_envs/ROOT6/include -DNDEBUG -D_FORTIFY_SOURCE=2 -O2 -isystem /gpfs/gibbs/project/heeger/egp28/conda_envs/ROOT6/include conftest.c >&5
configure:3645: $? = 0
configure:3654: result: yes
configure:3663: checking whether /gpfs/gibbs/project/heeger/egp28/conda_envs/ROOT6/bin/x86_64-conda-linux-gnu-cc accepts -g
configure:3683: /gpfs/gibbs/project/heeger/egp28/conda_envs/ROOT6/bin/x86_64-conda-linux-gnu-cc -c -g -DNDEBUG -D_FORTIFY_SOURCE=2 -O2 -isystem /gpfs/gibbs/project/heeger/egp28/conda_envs/ROOT6/include conftest.c >&5
configure:3683: $? = 0
configure:3724: result: yes
configure:3741: checking for /gpfs/gibbs/project/heeger/egp28/conda_envs/ROOT6/bin/x86_64-conda-linux-gnu-cc option to accept ISO C89
configure:3804: /gpfs/gibbs/project/heeger/egp28/conda_envs/ROOT6/bin/x86_64-conda-linux-gnu-cc  -c -march=nocona -mtune=haswell -ftree-vectorize -fPIC -fstack-protector-strong -fno-plt -O2 -ffunction-sections -pipe -isystem /gpfs/gibbs/project/heeger/egp28/conda_envs/ROOT6/include -DNDEBUG -D_FORTIFY_SOURCE=2 -O2 -isystem /gpfs/gibbs/project/heeger/egp28/conda_envs/ROOT6/include conftest.c >&5
configure:3804: $? = 0
configure:3817: result: none needed
configure:3842: checking whether /gpfs/gibbs/project/heeger/egp28/conda_envs/ROOT6/bin/x86_64-conda-linux-gnu-cc understands -c and -o together
configure:3864: /gpfs/gibbs/project/heeger/egp28/conda_envs/ROOT6/bin/x86_64-conda-linux-gnu-cc -c conftest.c -o conftest2.o
configure:3867: $? = 0
configure:3864: /gpfs/gibbs/project/heeger/egp28/conda_envs/ROOT6/bin/x86_64-conda-linux-gnu-cc -c conftest.c -o conftest2.o
configure:3867: $? = 0
configure:3879: result: yes
configure:3899: checking whether make supports the include directive
configure:3914: make -f confmf.GNU && cat confinc.out
make: Warning: File 'confinc.mk' has modification time 0.00093 s in the future
make: warning:  Clock skew detected.  Your build may be incomplete.
this is the am__doit target
configure:3917: $? = 0
configure:3936: result: yes (GNU style)
configure:3961: checking dependency style of /gpfs/gibbs/project/heeger/egp28/conda_envs/ROOT6/bin/x86_64-conda-linux-gnu-cc
configure:4072: result: gcc3
configure:4087: checking for /gpfs/gibbs/project/heeger/egp28/conda_envs/ROOT6/bin/x86_64-conda-linux-gnu-cc option to accept ISO C99
configure:4236: /gpfs/gibbs/project/heeger/egp28/conda_envs/ROOT6/bin/x86_64-conda-linux-gnu-cc  -c -march=nocona -mtune=haswell -ftree-vectorize -fPIC -fstack-protector-strong -fno-plt -O2 -ffunction-sections -pipe -isystem /gpfs/gibbs/project/heeger/egp28/conda_envs/ROOT6/include -DNDEBUG -D_FORTIFY_SOURCE=2 -O2 -isystem /gpfs/gibbs/project/heeger/egp28/conda_envs/ROOT6/include conftest.c >&5
configure:4236: $? = 0
configure:4249: result: none needed
configure:4274: checking how to run the C preprocessor
configure:4344: result: /gpfs/gibbs/project/heeger/egp28/conda_envs/ROOT6/bin/x86_64-conda-linux-gnu-cpp
configure:4364: /gpfs/gibbs/project/heeger/egp28/conda_envs/ROOT6/bin/x86_64-conda-linux-gnu-cpp -DNDEBUG -D_FORTIFY_SOURCE=2 -O2 -isystem /gpfs/gibbs/project/heeger/egp28/conda_envs/ROOT6/include conftest.c
configure:4364: $? = 0
configure:4378: /gpfs/gibbs/project/heeger/egp28/conda_envs/ROOT6/bin/x86_64-conda-linux-gnu-cpp -DNDEBUG -D_FORTIFY_SOURCE=2 -O2 -isystem /gpfs/gibbs/project/heeger/egp28/conda_envs/ROOT6/include conftest.c
conftest.c:12:10: fatal error: ac_nonexistent.h: No such file or directory
   12 | #include <ac_nonexistent.h>
      |          ^~~~~~~~~~~~~~~~~~
compilation terminated.
configure:4378: $? = 1
configure: failed program was:
| /* confdefs.h */
| #define PACKAGE_NAME "GLoBES"
| #define PACKAGE_TARNAME "globes"
| #define PACKAGE_VERSION "3.2.18"
| #define PACKAGE_STRING "GLoBES 3.2.18"
| #define PACKAGE_BUGREPORT "globes@mpi-hd.mpg.de"
| #define PACKAGE_URL ""
| #define PACKAGE "globes"
| #define VERSION "3.2.18"
| #define GLB_LIBVERSION "11:2:3"
| /* end confdefs.h.  */
| #include <ac_nonexistent.h>
configure:4407: checking whether ln -s works
configure:4411: result: yes
configure:4422: checking for bison
configure:4452: result: no
configure:4422: checking for byacc
configure:4452: result: no
configure:4466: checking for flex
configure:4496: result: no
configure:4466: checking for lex
configure:4496: result: no
configure:4651: checking build system type
configure:4665: result: x86_64-conda-linux-gnu
configure:4685: checking host system type
configure:4698: result: x86_64-conda-linux-gnu
configure:4739: checking how to print strings
configure:4766: result: printf
configure:4787: checking for a sed that does not truncate output
configure:4851: result: /gpfs/gibbs/project/heeger/egp28/conda_envs/ROOT6/bin/sed
configure:4869: checking for grep that handles long lines and -e
configure:4927: result: /usr/bin/grep
configure:4932: checking for egrep
configure:4994: result: /usr/bin/grep -E
configure:4999: checking for fgrep
configure:5061: result: /usr/bin/grep -F
configure:5096: checking for ld used by /gpfs/gibbs/project/heeger/egp28/conda_envs/ROOT6/bin/x86_64-conda-linux-gnu-cc
configure:5163: result: /gpfs/gibbs/project/heeger/egp28/conda_envs/ROOT6/bin/x86_64-conda-linux-gnu-ld
configure:5170: checking if the linker (/gpfs/gibbs/project/heeger/egp28/conda_envs/ROOT6/bin/x86_64-conda-linux-gnu-ld) is GNU ld
configure:5185: result: yes
configure:5197: checking for BSD- or MS-compatible name lister (nm)
configure:5246: result: /gpfs/gibbs/project/heeger/egp28/conda_envs/ROOT6/bin/x86_64-conda-linux-gnu-nm
configure:5376: checking the name lister (/gpfs/gibbs/project/heeger/egp28/conda_envs/ROOT6/bin/x86_64-conda-linux-gnu-nm) interface
configure:5383: /gpfs/gibbs/project/heeger/egp28/conda_envs/ROOT6/bin/x86_64-conda-linux-gnu-cc -c -march=nocona -mtune=haswell -ftree-vectorize -fPIC -fstack-protector-strong -fno-plt -O2 -ffunction-sections -pipe -isystem /gpfs/gibbs/project/heeger/egp28/conda_envs/ROOT6/include -DNDEBUG -D_FORTIFY_SOURCE=2 -O2 -isystem /gpfs/gibbs/project/heeger/egp28/conda_envs/ROOT6/include conftest.c >&5
configure:5386: /gpfs/gibbs/project/heeger/egp28/conda_envs/ROOT6/bin/x86_64-conda-linux-gnu-nm "conftest.o"
configure:5389: output
0000000000000000 B some_variable
configure:5396: result: BSD nm
configure:5400: checking the maximum length of command line arguments
configure:5530: result: 3458764513820540925
configure:5547: checking whether the shell understands some XSI constructs
configure:5557: result: yes
configure:5561: checking whether the shell understands "+="
configure:5567: result: yes
configure:5602: checking how to convert x86_64-conda-linux-gnu file names to x86_64-conda-linux-gnu format
configure:5642: result: func_convert_file_noop
configure:5649: checking how to convert x86_64-conda-linux-gnu file names to toolchain format
configure:5669: result: func_convert_file_noop
configure:5676: checking for /gpfs/gibbs/project/heeger/egp28/conda_envs/ROOT6/bin/x86_64-conda-linux-gnu-ld option to reload object files
configure:5683: result: -r
configure:5717: checking for x86_64-conda-linux-gnu-objdump
configure:5744: result: /gpfs/gibbs/project/heeger/egp28/conda_envs/ROOT6/bin/x86_64-conda-linux-gnu-objdump
configure:5816: checking how to recognize dependent libraries
configure:6018: result: pass_all
configure:6063: checking for x86_64-conda-linux-gnu-dlltool
configure:6093: result: no
configure:6103: checking for dlltool
configure:6133: result: no
configure:6163: checking how to associate runtime and link libraries
configure:6190: result: printf %s\n
configure:6206: checking for x86_64-conda-linux-gnu-ar
configure:6233: result: /gpfs/gibbs/project/heeger/egp28/conda_envs/ROOT6/bin/x86_64-conda-linux-gnu-ar
configure:6314: checking for archiver @FILE support
configure:6331: /gpfs/gibbs/project/heeger/egp28/conda_envs/ROOT6/bin/x86_64-conda-linux-gnu-cc -c -march=nocona -mtune=haswell -ftree-vectorize -fPIC -fstack-protector-strong -fno-plt -O2 -ffunction-sections -pipe -isystem /gpfs/gibbs/project/heeger/egp28/conda_envs/ROOT6/include -DNDEBUG -D_FORTIFY_SOURCE=2 -O2 -isystem /gpfs/gibbs/project/heeger/egp28/conda_envs/ROOT6/include conftest.c >&5
configure:6331: $? = 0
configure:6334: /gpfs/gibbs/project/heeger/egp28/conda_envs/ROOT6/bin/x86_64-conda-linux-gnu-ar cru libconftest.a @conftest.lst >&5
configure:6337: $? = 0
configure:6342: /gpfs/gibbs/project/heeger/egp28/conda_envs/ROOT6/bin/x86_64-conda-linux-gnu-ar cru libconftest.a @conftest.lst >&5
/gpfs/gibbs/project/heeger/egp28/conda_envs/ROOT6/bin/x86_64-conda-linux-gnu-ar: conftest.o: No such file or directory
configure:6345: $? = 1
configure:6357: result: @
configure:6375: checking for x86_64-conda-linux-gnu-strip
configure:6402: result: /gpfs/gibbs/project/heeger/egp28/conda_envs/ROOT6/bin/x86_64-conda-linux-gnu-strip
configure:6474: checking for x86_64-conda-linux-gnu-ranlib
configure:6501: result: /gpfs/gibbs/project/heeger/egp28/conda_envs/ROOT6/bin/x86_64-conda-linux-gnu-ranlib
configure:6643: checking command to parse /gpfs/gibbs/project/heeger/egp28/conda_envs/ROOT6/bin/x86_64-conda-linux-gnu-nm output from /gpfs/gibbs/project/heeger/egp28/conda_envs/ROOT6/bin/x86_64-conda-linux-gnu-cc object
configure:6763: /gpfs/gibbs/project/heeger/egp28/conda_envs/ROOT6/bin/x86_64-conda-linux-gnu-cc -c -march=nocona -mtune=haswell -ftree-vectorize -fPIC -fstack-protector-strong -fno-plt -O2 -ffunction-sections -pipe -isystem /gpfs/gibbs/project/heeger/egp28/conda_envs/ROOT6/include -DNDEBUG -D_FORTIFY_SOURCE=2 -O2 -isystem /gpfs/gibbs/project/heeger/egp28/conda_envs/ROOT6/include conftest.c >&5
configure:6766: $? = 0
configure:6770: /gpfs/gibbs/project/heeger/egp28/conda_envs/ROOT6/bin/x86_64-conda-linux-gnu-nm conftest.o \| sed -n -e 's/^.*[ ]\([ABCDGIRSTW][ABCDGIRSTW]*\)[ ][ ]*\([_A-Za-z][_A-Za-z0-9]*\)$/\1 \2 \2/p' | sed '/ __gnu_lto/d' \> conftest.nm
configure:6773: $? = 0
configure:6839: /gpfs/gibbs/project/heeger/egp28/conda_envs/ROOT6/bin/x86_64-conda-linux-gnu-cc -o conftest -march=nocona -mtune=haswell -ftree-vectorize -fPIC -fstack-protector-strong -fno-plt -O2 -ffunction-sections -pipe -isystem /gpfs/gibbs/project/heeger/egp28/conda_envs/ROOT6/include -DNDEBUG -D_FORTIFY_SOURCE=2 -O2 -isystem /gpfs/gibbs/project/heeger/egp28/conda_envs/ROOT6/include -Wl,-O2 -Wl,--sort-common -Wl,--as-needed -Wl,-z,relro -Wl,-z,now -Wl,--disable-new-dtags -Wl,--gc-sections -Wl,-rpath,/gpfs/gibbs/project/heeger/egp28/conda_envs/ROOT6/lib -Wl,-rpath-link,/gpfs/gibbs/project/heeger/egp28/conda_envs/ROOT6/lib -L/gpfs/gibbs/project/heeger/egp28/conda_envs/ROOT6/lib conftest.c conftstm.o >&5
configure:6842: $? = 0
configure:6880: result: ok
configure:6917: checking for sysroot
configure:6947: result: no
configure:7024: /gpfs/gibbs/project/heeger/egp28/conda_envs/ROOT6/bin/x86_64-conda-linux-gnu-cc -c -march=nocona -mtune=haswell -ftree-vectorize -fPIC -fstack-protector-strong -fno-plt -O2 -ffunction-sections -pipe -isystem /gpfs/gibbs/project/heeger/egp28/conda_envs/ROOT6/include -DNDEBUG -D_FORTIFY_SOURCE=2 -O2 -isystem /gpfs/gibbs/project/heeger/egp28/conda_envs/ROOT6/include conftest.c >&5
configure:7027: $? = 0
configure:7163: checking for x86_64-conda-linux-gnu-mt
configure:7193: result: no
configure:7203: checking for mt
configure:7233: result: no
configure:7253: checking if : is a manifest tool
configure:7259: : '-?'
configure:7267: result: no
configure:7905: checking for ANSI C header files
configure:7925: /gpfs/gibbs/project/heeger/egp28/conda_envs/ROOT6/bin/x86_64-conda-linux-gnu-cc -c -march=nocona -mtune=haswell -ftree-vectorize -fPIC -fstack-protector-strong -fno-plt -O2 -ffunction-sections -pipe -isystem /gpfs/gibbs/project/heeger/egp28/conda_envs/ROOT6/include -DNDEBUG -D_FORTIFY_SOURCE=2 -O2 -isystem /gpfs/gibbs/project/heeger/egp28/conda_envs/ROOT6/include conftest.c >&5
configure:7925: $? = 0
configure:7998: /gpfs/gibbs/project/heeger/egp28/conda_envs/ROOT6/bin/x86_64-conda-linux-gnu-cc -o conftest -march=nocona -mtune=haswell -ftree-vectorize -fPIC -fstack-protector-strong -fno-plt -O2 -ffunction-sections -pipe -isystem /gpfs/gibbs/project/heeger/egp28/conda_envs/ROOT6/include -DNDEBUG -D_FORTIFY_SOURCE=2 -O2 -isystem /gpfs/gibbs/project/heeger/egp28/conda_envs/ROOT6/include -Wl,-O2 -Wl,--sort-common -Wl,--as-needed -Wl,-z,relro -Wl,-z,now -Wl,--disable-new-dtags -Wl,--gc-sections -Wl,-rpath,/gpfs/gibbs/project/heeger/egp28/conda_envs/ROOT6/lib -Wl,-rpath-link,/gpfs/gibbs/project/heeger/egp28/conda_envs/ROOT6/lib -L/gpfs/gibbs/project/heeger/egp28/conda_envs/ROOT6/lib conftest.c  >&5
configure:7998: $? = 0
configure:7998: ./conftest
configure:7998: $? = 0
configure:8009: result: yes
configure:8022: checking for sys/types.h
configure:8022: /gpfs/gibbs/project/heeger/egp28/conda_envs/ROOT6/bin/x86_64-conda-linux-gnu-cc -c -march=nocona -mtune=haswell -ftree-vectorize -fPIC -fstack-protector-strong -fno-plt -O2 -ffunction-sections -pipe -isystem /gpfs/gibbs/project/heeger/egp28/conda_envs/ROOT6/include -DNDEBUG -D_FORTIFY_SOURCE=2 -O2 -isystem /gpfs/gibbs/project/heeger/egp28/conda_envs/ROOT6/include conftest.c >&5
configure:8022: $? = 0
configure:8022: result: yes
configure:8022: checking for sys/stat.h
configure:8022: /gpfs/gibbs/project/heeger/egp28/conda_envs/ROOT6/bin/x86_64-conda-linux-gnu-cc -c -march=nocona -mtune=haswell -ftree-vectorize -fPIC -fstack-protector-strong -fno-plt -O2 -ffunction-sections -pipe -isystem /gpfs/gibbs/project/heeger/egp28/conda_envs/ROOT6/include -DNDEBUG -D_FORTIFY_SOURCE=2 -O2 -isystem /gpfs/gibbs/project/heeger/egp28/conda_envs/ROOT6/include conftest.c >&5
configure:8022: $? = 0
configure:8022: result: yes
configure:8022: checking for stdlib.h
configure:8022: /gpfs/gibbs/project/heeger/egp28/conda_envs/ROOT6/bin/x86_64-conda-linux-gnu-cc -c -march=nocona -mtune=haswell -ftree-vectorize -fPIC -fstack-protector-strong -fno-plt -O2 -ffunction-sections -pipe -isystem /gpfs/gibbs/project/heeger/egp28/conda_envs/ROOT6/include -DNDEBUG -D_FORTIFY_SOURCE=2 -O2 -isystem /gpfs/gibbs/project/heeger/egp28/conda_envs/ROOT6/include conftest.c >&5
configure:8022: $? = 0
configure:8022: result: yes
configure:8022: checking for string.h
configure:8022: /gpfs/gibbs/project/heeger/egp28/conda_envs/ROOT6/bin/x86_64-conda-linux-gnu-cc -c -march=nocona -mtune=haswell -ftree-vectorize -fPIC -fstack-protector-strong -fno-plt -O2 -ffunction-sections -pipe -isystem /gpfs/gibbs/project/heeger/egp28/conda_envs/ROOT6/include -DNDEBUG -D_FORTIFY_SOURCE=2 -O2 -isystem /gpfs/gibbs/project/heeger/egp28/conda_envs/ROOT6/include conftest.c >&5
configure:8022: $? = 0
configure:8022: result: yes
configure:8022: checking for memory.h
configure:8022: /gpfs/gibbs/project/heeger/egp28/conda_envs/ROOT6/bin/x86_64-conda-linux-gnu-cc -c -march=nocona -mtune=haswell -ftree-vectorize -fPIC -fstack-protector-strong -fno-plt -O2 -ffunction-sections -pipe -isystem /gpfs/gibbs/project/heeger/egp28/conda_envs/ROOT6/include -DNDEBUG -D_FORTIFY_SOURCE=2 -O2 -isystem /gpfs/gibbs/project/heeger/egp28/conda_envs/ROOT6/include conftest.c >&5
configure:8022: $? = 0
configure:8022: result: yes
configure:8022: checking for strings.h
configure:8022: /gpfs/gibbs/project/heeger/egp28/conda_envs/ROOT6/bin/x86_64-conda-linux-gnu-cc -c -march=nocona -mtune=haswell -ftree-vectorize -fPIC -fstack-protector-strong -fno-plt -O2 -ffunction-sections -pipe -isystem /gpfs/gibbs/project/heeger/egp28/conda_envs/ROOT6/include -DNDEBUG -D_FORTIFY_SOURCE=2 -O2 -isystem /gpfs/gibbs/project/heeger/egp28/conda_envs/ROOT6/include conftest.c >&5
configure:8022: $? = 0
configure:8022: result: yes
configure:8022: checking for inttypes.h
configure:8022: /gpfs/gibbs/project/heeger/egp28/conda_envs/ROOT6/bin/x86_64-conda-linux-gnu-cc -c -march=nocona -mtune=haswell -ftree-vectorize -fPIC -fstack-protector-strong -fno-plt -O2 -ffunction-sections -pipe -isystem /gpfs/gibbs/project/heeger/egp28/conda_envs/ROOT6/include -DNDEBUG -D_FORTIFY_SOURCE=2 -O2 -isystem /gpfs/gibbs/project/heeger/egp28/conda_envs/ROOT6/include conftest.c >&5
configure:8022: $? = 0
configure:8022: result: yes
configure:8022: checking for stdint.h
configure:8022: /gpfs/gibbs/project/heeger/egp28/conda_envs/ROOT6/bin/x86_64-conda-linux-gnu-cc -c -march=nocona -mtune=haswell -ftree-vectorize -fPIC -fstack-protector-strong -fno-plt -O2 -ffunction-sections -pipe -isystem /gpfs/gibbs/project/heeger/egp28/conda_envs/ROOT6/include -DNDEBUG -D_FORTIFY_SOURCE=2 -O2 -isystem /gpfs/gibbs/project/heeger/egp28/conda_envs/ROOT6/include conftest.c >&5
configure:8022: $? = 0
configure:8022: result: yes
configure:8022: checking for unistd.h
configure:8022: /gpfs/gibbs/project/heeger/egp28/conda_envs/ROOT6/bin/x86_64-conda-linux-gnu-cc -c -march=nocona -mtune=haswell -ftree-vectorize -fPIC -fstack-protector-strong -fno-plt -O2 -ffunction-sections -pipe -isystem /gpfs/gibbs/project/heeger/egp28/conda_envs/ROOT6/include -DNDEBUG -D_FORTIFY_SOURCE=2 -O2 -isystem /gpfs/gibbs/project/heeger/egp28/conda_envs/ROOT6/include conftest.c >&5
configure:8022: $? = 0
configure:8022: result: yes
configure:8036: checking for dlfcn.h
configure:8036: /gpfs/gibbs/project/heeger/egp28/conda_envs/ROOT6/bin/x86_64-conda-linux-gnu-cc -c -march=nocona -mtune=haswell -ftree-vectorize -fPIC -fstack-protector-strong -fno-plt -O2 -ffunction-sections -pipe -isystem /gpfs/gibbs/project/heeger/egp28/conda_envs/ROOT6/include -DNDEBUG -D_FORTIFY_SOURCE=2 -O2 -isystem /gpfs/gibbs/project/heeger/egp28/conda_envs/ROOT6/include conftest.c >&5
configure:8036: $? = 0
configure:8036: result: yes
configure:8242: checking for objdir
configure:8257: result: .libs
configure:8528: checking if /gpfs/gibbs/project/heeger/egp28/conda_envs/ROOT6/bin/x86_64-conda-linux-gnu-cc supports -fno-rtti -fno-exceptions
configure:8546: /gpfs/gibbs/project/heeger/egp28/conda_envs/ROOT6/bin/x86_64-conda-linux-gnu-cc -c -march=nocona -mtune=haswell -ftree-vectorize -fPIC -fstack-protector-strong -fno-plt -O2 -ffunction-sections -pipe -isystem /gpfs/gibbs/project/heeger/egp28/conda_envs/ROOT6/include -DNDEBUG -D_FORTIFY_SOURCE=2 -O2 -isystem /gpfs/gibbs/project/heeger/egp28/conda_envs/ROOT6/include -fno-rtti -fno-exceptions conftest.c >&5
cc1: warning: command line option '-fno-rtti' is valid for C++/D/ObjC++ but not for C
configure:8550: $? = 0
configure:8563: result: no
configure:8890: checking for /gpfs/gibbs/project/heeger/egp28/conda_envs/ROOT6/bin/x86_64-conda-linux-gnu-cc option to produce PIC
configure:8897: result: -fPIC -DPIC
configure:8905: checking if /gpfs/gibbs/project/heeger/egp28/conda_envs/ROOT6/bin/x86_64-conda-linux-gnu-cc PIC flag -fPIC -DPIC works
configure:8923: /gpfs/gibbs/project/heeger/egp28/conda_envs/ROOT6/bin/x86_64-conda-linux-gnu-cc -c -march=nocona -mtune=haswell -ftree-vectorize -fPIC -fstack-protector-strong -fno-plt -O2 -ffunction-sections -pipe -isystem /gpfs/gibbs/project/heeger/egp28/conda_envs/ROOT6/include -DNDEBUG -D_FORTIFY_SOURCE=2 -O2 -isystem /gpfs/gibbs/project/heeger/egp28/conda_envs/ROOT6/include -fPIC -DPIC -DPIC conftest.c >&5
configure:8927: $? = 0
configure:8940: result: yes
configure:8969: checking if /gpfs/gibbs/project/heeger/egp28/conda_envs/ROOT6/bin/x86_64-conda-linux-gnu-cc static flag -static works
configure:8997: result: no
configure:9012: checking if /gpfs/gibbs/project/heeger/egp28/conda_envs/ROOT6/bin/x86_64-conda-linux-gnu-cc supports -c -o file.o
configure:9033: /gpfs/gibbs/project/heeger/egp28/conda_envs/ROOT6/bin/x86_64-conda-linux-gnu-cc -c -march=nocona -mtune=haswell -ftree-vectorize -fPIC -fstack-protector-strong -fno-plt -O2 -ffunction-sections -pipe -isystem /gpfs/gibbs/project/heeger/egp28/conda_envs/ROOT6/include -DNDEBUG -D_FORTIFY_SOURCE=2 -O2 -isystem /gpfs/gibbs/project/heeger/egp28/conda_envs/ROOT6/include -o out/conftest2.o conftest.c >&5
configure:9037: $? = 0
configure:9059: result: yes
configure:9067: checking if /gpfs/gibbs/project/heeger/egp28/conda_envs/ROOT6/bin/x86_64-conda-linux-gnu-cc supports -c -o file.o
configure:9114: result: yes
configure:9147: checking whether the /gpfs/gibbs/project/heeger/egp28/conda_envs/ROOT6/bin/x86_64-conda-linux-gnu-cc linker (/gpfs/gibbs/project/heeger/egp28/conda_envs/ROOT6/bin/x86_64-conda-linux-gnu-ld -m elf_x86_64) supports shared libraries
configure:10304: result: yes
configure:10341: checking whether -lc should be explicitly linked in
configure:10349: /gpfs/gibbs/project/heeger/egp28/conda_envs/ROOT6/bin/x86_64-conda-linux-gnu-cc -c -march=nocona -mtune=haswell -ftree-vectorize -fPIC -fstack-protector-strong -fno-plt -O2 -ffunction-sections -pipe -isystem /gpfs/gibbs/project/heeger/egp28/conda_envs/ROOT6/include -DNDEBUG -D_FORTIFY_SOURCE=2 -O2 -isystem /gpfs/gibbs/project/heeger/egp28/conda_envs/ROOT6/include conftest.c >&5
configure:10352: $? = 0
configure:10367: /gpfs/gibbs/project/heeger/egp28/conda_envs/ROOT6/bin/x86_64-conda-linux-gnu-cc -shared  -fPIC -DPIC conftest.o  -v -Wl,-soname -Wl,conftest -o conftest 2\>\&1 \| /usr/bin/grep  -lc  \>/dev/null 2\>\&1
configure:10370: $? = 0
configure:10384: result: no
configure:10544: checking dynamic linker characteristics
configure:11055: /gpfs/gibbs/project/heeger/egp28/conda_envs/ROOT6/bin/x86_64-conda-linux-gnu-cc -o conftest -march=nocona -mtune=haswell -ftree-vectorize -fPIC -fstack-protector-strong -fno-plt -O2 -ffunction-sections -pipe -isystem /gpfs/gibbs/project/heeger/egp28/conda_envs/ROOT6/include -DNDEBUG -D_FORTIFY_SOURCE=2 -O2 -isystem /gpfs/gibbs/project/heeger/egp28/conda_envs/ROOT6/include -Wl,-O2 -Wl,--sort-common -Wl,--as-needed -Wl,-z,relro -Wl,-z,now -Wl,--disable-new-dtags -Wl,--gc-sections -Wl,-rpath,/gpfs/gibbs/project/heeger/egp28/conda_envs/ROOT6/lib -Wl,-rpath-link,/gpfs/gibbs/project/heeger/egp28/conda_envs/ROOT6/lib -L/gpfs/gibbs/project/heeger/egp28/conda_envs/ROOT6/lib -Wl,-rpath -Wl,/foo conftest.c  >&5
configure:11055: $? = 0
configure:11289: result: GNU/Linux ld.so
configure:11396: checking how to hardcode library paths into programs
configure:11421: result: immediate
configure:11961: checking whether stripping libraries is possible
configure:11966: result: yes
configure:12001: checking if libtool supports shared libraries
configure:12003: result: yes
configure:12006: checking whether to build shared libraries
configure:12027: result: yes
configure:12030: checking whether to build static libraries
configure:12034: result: yes
configure:12073: checking for inttypes.h
configure:12090: /gpfs/gibbs/project/heeger/egp28/conda_envs/ROOT6/bin/x86_64-conda-linux-gnu-cc -c -march=nocona -mtune=haswell -ftree-vectorize -fPIC -fstack-protector-strong -fno-plt -O2 -ffunction-sections -pipe -isystem /gpfs/gibbs/project/heeger/egp28/conda_envs/ROOT6/include -DNDEBUG -D_FORTIFY_SOURCE=2 -O2 -isystem /gpfs/gibbs/project/heeger/egp28/conda_envs/ROOT6/include conftest.c >&5
configure:12090: $? = 0
configure:12097: result: yes
configure:12108: checking for stdint.h
configure:12125: /gpfs/gibbs/project/heeger/egp28/conda_envs/ROOT6/bin/x86_64-conda-linux-gnu-cc -c -march=nocona -mtune=haswell -ftree-vectorize -fPIC -fstack-protector-strong -fno-plt -O2 -ffunction-sections -pipe -isystem /gpfs/gibbs/project/heeger/egp28/conda_envs/ROOT6/include -DNDEBUG -D_FORTIFY_SOURCE=2 -O2 -isystem /gpfs/gibbs/project/heeger/egp28/conda_envs/ROOT6/include conftest.c >&5
configure:12125: $? = 0
configure:12132: result: yes
configure:12143: checking for unsigned long long
configure:12160: /gpfs/gibbs/project/heeger/egp28/conda_envs/ROOT6/bin/x86_64-conda-linux-gnu-cc -o conftest -march=nocona -mtune=haswell -ftree-vectorize -fPIC -fstack-protector-strong -fno-plt -O2 -ffunction-sections -pipe -isystem /gpfs/gibbs/project/heeger/egp28/conda_envs/ROOT6/include -DNDEBUG -D_FORTIFY_SOURCE=2 -O2 -isystem /gpfs/gibbs/project/heeger/egp28/conda_envs/ROOT6/include -Wl,-O2 -Wl,--sort-common -Wl,--as-needed -Wl,-z,relro -Wl,-z,now -Wl,--disable-new-dtags -Wl,--gc-sections -Wl,-rpath,/gpfs/gibbs/project/heeger/egp28/conda_envs/ROOT6/lib -Wl,-rpath-link,/gpfs/gibbs/project/heeger/egp28/conda_envs/ROOT6/lib -L/gpfs/gibbs/project/heeger/egp28/conda_envs/ROOT6/lib conftest.c  >&5
configure:12160: $? = 0
configure:12168: result: yes
configure:12208: checking for obstacks
configure:12229: /gpfs/gibbs/project/heeger/egp28/conda_envs/ROOT6/bin/x86_64-conda-linux-gnu-cc -o conftest -march=nocona -mtune=haswell -ftree-vectorize -fPIC -fstack-protector-strong -fno-plt -O2 -ffunction-sections -pipe -isystem /gpfs/gibbs/project/heeger/egp28/conda_envs/ROOT6/include -DNDEBUG -D_FORTIFY_SOURCE=2 -O2 -isystem /gpfs/gibbs/project/heeger/egp28/conda_envs/ROOT6/include -Wl,-O2 -Wl,--sort-common -Wl,--as-needed -Wl,-z,relro -Wl,-z,now -Wl,--disable-new-dtags -Wl,--gc-sections -Wl,-rpath,/gpfs/gibbs/project/heeger/egp28/conda_envs/ROOT6/lib -Wl,-rpath-link,/gpfs/gibbs/project/heeger/egp28/conda_envs/ROOT6/lib -L/gpfs/gibbs/project/heeger/egp28/conda_envs/ROOT6/lib conftest.c  >&5
configure:12229: $? = 0
configure:12237: result: yes
configure:12267: checking for swig
configure:12300: result: no
configure:12559: checking for main in -lm
configure:12578: /gpfs/gibbs/project/heeger/egp28/conda_envs/ROOT6/bin/x86_64-conda-linux-gnu-cc -o conftest -march=nocona -mtune=haswell -ftree-vectorize -fPIC -fstack-protector-strong -fno-plt -O2 -ffunction-sections -pipe -isystem /gpfs/gibbs/project/heeger/egp28/conda_envs/ROOT6/include -DNDEBUG -D_FORTIFY_SOURCE=2 -O2 -isystem /gpfs/gibbs/project/heeger/egp28/conda_envs/ROOT6/include -Wl,-O2 -Wl,--sort-common -Wl,--as-needed -Wl,-z,relro -Wl,-z,now -Wl,--disable-new-dtags -Wl,--gc-sections -Wl,-rpath,/gpfs/gibbs/project/heeger/egp28/conda_envs/ROOT6/lib -Wl,-rpath-link,/gpfs/gibbs/project/heeger/egp28/conda_envs/ROOT6/lib -L/gpfs/gibbs/project/heeger/egp28/conda_envs/ROOT6/lib conftest.c -lm   >&5
configure:12578: $? = 0
configure:12587: result: yes
configure:12637: checking for gsl-config
configure:12655: found /gpfs/gibbs/project/heeger/egp28/conda_envs/ROOT6/bin/gsl-config
configure:12668: result: /gpfs/gibbs/project/heeger/egp28/conda_envs/ROOT6/bin/gsl-config
configure:12677: checking for GSL - version >= 0.2.5
configure:12777: /gpfs/gibbs/project/heeger/egp28/conda_envs/ROOT6/bin/x86_64-conda-linux-gnu-cc -o conftest -march=nocona -mtune=haswell -ftree-vectorize -fPIC -fstack-protector-strong -fno-plt -O2 -ffunction-sections -pipe -isystem /gpfs/gibbs/project/heeger/egp28/conda_envs/ROOT6/include -I/gpfs/gibbs/project/heeger/egp28/conda_envs/ROOT6/include -DNDEBUG -D_FORTIFY_SOURCE=2 -O2 -isystem /gpfs/gibbs/project/heeger/egp28/conda_envs/ROOT6/include -Wl,-O2 -Wl,--sort-common -Wl,--as-needed -Wl,-z,relro -Wl,-z,now -Wl,--disable-new-dtags -Wl,--gc-sections -Wl,-rpath,/gpfs/gibbs/project/heeger/egp28/conda_envs/ROOT6/lib -Wl,-rpath-link,/gpfs/gibbs/project/heeger/egp28/conda_envs/ROOT6/lib -L/gpfs/gibbs/project/heeger/egp28/conda_envs/ROOT6/lib conftest.c -lm  -L/gpfs/gibbs/project/heeger/egp28/conda_envs/ROOT6/lib -lgsl -lgslcblas -lm >&5
conftest.c: In function 'main':
conftest.c:59:3: warning: ignoring return value of 'system', declared with attribute warn_unused_result [-Wunused-result]
   59 |   system ("touch conf.gsltest");
      |   ^~~~~~~~~~~~~~~~~~~~~~~~~~~~~
configure:12777: $? = 0
configure:12777: ./conftest
configure:12777: $? = 0
configure:12791: result: yes
configure:12881: checking gsl/gsl_math.h usability
configure:12881: /gpfs/gibbs/project/heeger/egp28/conda_envs/ROOT6/bin/x86_64-conda-linux-gnu-cc -c -I/gpfs/gibbs/project/heeger/egp28/conda_envs/ROOT6/include -march=nocona -mtune=haswell -ftree-vectorize -fPIC -fstack-protector-strong -fno-plt -O2 -ffunction-sections -pipe -isystem /gpfs/gibbs/project/heeger/egp28/conda_envs/ROOT6/include -I/gpfs/gibbs/project/heeger/egp28/conda_envs/ROOT6/include -DNDEBUG -D_FORTIFY_SOURCE=2 -O2 -isystem /gpfs/gibbs/project/heeger/egp28/conda_envs/ROOT6/include conftest.c >&5
configure:12881: $? = 0
configure:12881: result: yes
configure:12881: checking gsl/gsl_math.h presence
configure:12881: /gpfs/gibbs/project/heeger/egp28/conda_envs/ROOT6/bin/x86_64-conda-linux-gnu-cpp -I/gpfs/gibbs/project/heeger/egp28/conda_envs/ROOT6/include -DNDEBUG -D_FORTIFY_SOURCE=2 -O2 -isystem /gpfs/gibbs/project/heeger/egp28/conda_envs/ROOT6/include conftest.c
configure:12881: $? = 0
configure:12881: result: yes
configure:12881: checking for gsl/gsl_math.h
configure:12881: result: yes
configure:12881: checking gsl/gsl_sf_erf.h usability
configure:12881: /gpfs/gibbs/project/heeger/egp28/conda_envs/ROOT6/bin/x86_64-conda-linux-gnu-cc -c -I/gpfs/gibbs/project/heeger/egp28/conda_envs/ROOT6/include -march=nocona -mtune=haswell -ftree-vectorize -fPIC -fstack-protector-strong -fno-plt -O2 -ffunction-sections -pipe -isystem /gpfs/gibbs/project/heeger/egp28/conda_envs/ROOT6/include -I/gpfs/gibbs/project/heeger/egp28/conda_envs/ROOT6/include -DNDEBUG -D_FORTIFY_SOURCE=2 -O2 -isystem /gpfs/gibbs/project/heeger/egp28/conda_envs/ROOT6/include conftest.c >&5
configure:12881: $? = 0
configure:12881: result: yes
configure:12881: checking gsl/gsl_sf_erf.h presence
configure:12881: /gpfs/gibbs/project/heeger/egp28/conda_envs/ROOT6/bin/x86_64-conda-linux-gnu-cpp -I/gpfs/gibbs/project/heeger/egp28/conda_envs/ROOT6/include -DNDEBUG -D_FORTIFY_SOURCE=2 -O2 -isystem /gpfs/gibbs/project/heeger/egp28/conda_envs/ROOT6/include conftest.c
configure:12881: $? = 0
configure:12881: result: yes
configure:12881: checking for gsl/gsl_sf_erf.h
configure:12881: result: yes
configure:12881: checking gsl/gsl_errno.h usability
configure:12881: /gpfs/gibbs/project/heeger/egp28/conda_envs/ROOT6/bin/x86_64-conda-linux-gnu-cc -c -I/gpfs/gibbs/project/heeger/egp28/conda_envs/ROOT6/include -march=nocona -mtune=haswell -ftree-vectorize -fPIC -fstack-protector-strong -fno-plt -O2 -ffunction-sections -pipe -isystem /gpfs/gibbs/project/heeger/egp28/conda_envs/ROOT6/include -I/gpfs/gibbs/project/heeger/egp28/conda_envs/ROOT6/include -DNDEBUG -D_FORTIFY_SOURCE=2 -O2 -isystem /gpfs/gibbs/project/heeger/egp28/conda_envs/ROOT6/include conftest.c >&5
configure:12881: $? = 0
configure:12881: result: yes
configure:12881: checking gsl/gsl_errno.h presence
configure:12881: /gpfs/gibbs/project/heeger/egp28/conda_envs/ROOT6/bin/x86_64-conda-linux-gnu-cpp -I/gpfs/gibbs/project/heeger/egp28/conda_envs/ROOT6/include -DNDEBUG -D_FORTIFY_SOURCE=2 -O2 -isystem /gpfs/gibbs/project/heeger/egp28/conda_envs/ROOT6/include conftest.c
configure:12881: $? = 0
configure:12881: result: yes
configure:12881: checking for gsl/gsl_errno.h
configure:12881: result: yes
configure:12897: checking for ANSI C header files
configure:13001: result: yes
configure:13010: checking for an ANSI C-conforming const
configure:13076: /gpfs/gibbs/project/heeger/egp28/conda_envs/ROOT6/bin/x86_64-conda-linux-gnu-cc -c -march=nocona -mtune=haswell -ftree-vectorize -fPIC -fstack-protector-strong -fno-plt -O2 -ffunction-sections -pipe -isystem /gpfs/gibbs/project/heeger/egp28/conda_envs/ROOT6/include -DNDEBUG -D_FORTIFY_SOURCE=2 -O2 -isystem /gpfs/gibbs/project/heeger/egp28/conda_envs/ROOT6/include conftest.c >&5
configure:13076: $? = 0
configure:13083: result: yes
configure:13091: checking for size_t
configure:13091: /gpfs/gibbs/project/heeger/egp28/conda_envs/ROOT6/bin/x86_64-conda-linux-gnu-cc -c -march=nocona -mtune=haswell -ftree-vectorize -fPIC -fstack-protector-strong -fno-plt -O2 -ffunction-sections -pipe -isystem /gpfs/gibbs/project/heeger/egp28/conda_envs/ROOT6/include -DNDEBUG -D_FORTIFY_SOURCE=2 -O2 -isystem /gpfs/gibbs/project/heeger/egp28/conda_envs/ROOT6/include conftest.c >&5
configure:13091: $? = 0
configure:13091: /gpfs/gibbs/project/heeger/egp28/conda_envs/ROOT6/bin/x86_64-conda-linux-gnu-cc -c -march=nocona -mtune=haswell -ftree-vectorize -fPIC -fstack-protector-strong -fno-plt -O2 -ffunction-sections -pipe -isystem /gpfs/gibbs/project/heeger/egp28/conda_envs/ROOT6/include -DNDEBUG -D_FORTIFY_SOURCE=2 -O2 -isystem /gpfs/gibbs/project/heeger/egp28/conda_envs/ROOT6/include conftest.c >&5
conftest.c: In function 'main':
conftest.c:70:21: error: expected expression before ')' token
   70 | if (sizeof ((size_t)))
      |                     ^
configure:13091: $? = 1
configure: failed program was:
| /* confdefs.h */
| #define PACKAGE_NAME "GLoBES"
| #define PACKAGE_TARNAME "globes"
| #define PACKAGE_VERSION "3.2.18"
| #define PACKAGE_STRING "GLoBES 3.2.18"
| #define PACKAGE_BUGREPORT "globes@mpi-hd.mpg.de"
| #define PACKAGE_URL ""
| #define PACKAGE "globes"
| #define VERSION "3.2.18"
| #define GLB_LIBVERSION "11:2:3"
| #define STDC_HEADERS 1
| #define HAVE_SYS_TYPES_H 1
| #define HAVE_SYS_STAT_H 1
| #define HAVE_STDLIB_H 1
| #define HAVE_STRING_H 1
| #define HAVE_MEMORY_H 1
| #define HAVE_STRINGS_H 1
| #define HAVE_INTTYPES_H 1
| #define HAVE_STDINT_H 1
| #define HAVE_UNISTD_H 1
| #define HAVE_DLFCN_H 1
| #define LT_OBJDIR ".libs/"
| #define HAVE_INTTYPES_H_WITH_UINTMAX 1
| #define HAVE_STDINT_H_WITH_UINTMAX 1
| #define HAVE_UNSIGNED_LONG_LONG 1
| #define HAVE_UINTMAX_T 1
| #define HAVE_OBSTACK 1
| #define HAVE_LIBM 1
| #define HAVE_GSL_GSL_MATH_H 1
| #define HAVE_GSL_GSL_SF_ERF_H 1
| #define HAVE_GSL_GSL_ERRNO_H 1
| #define STDC_HEADERS 1
| /* end confdefs.h.  */
| #include <stdio.h>
| #ifdef HAVE_SYS_TYPES_H
| # include <sys/types.h>
| #endif
| #ifdef HAVE_SYS_STAT_H
| # include <sys/stat.h>
| #endif
| #ifdef STDC_HEADERS
| # include <stdlib.h>
| # include <stddef.h>
| #else
| # ifdef HAVE_STDLIB_H
| #  include <stdlib.h>
| # endif
| #endif
| #ifdef HAVE_STRING_H
| # if !defined STDC_HEADERS && defined HAVE_MEMORY_H
| #  include <memory.h>
| # endif
| # include <string.h>
| #endif
| #ifdef HAVE_STRINGS_H
| # include <strings.h>
| #endif
| #ifdef HAVE_INTTYPES_H
| # include <inttypes.h>
| #endif
| #ifdef HAVE_STDINT_H
| # include <stdint.h>
| #endif
| #ifdef HAVE_UNISTD_H
| # include <unistd.h>
| #endif
| int
| main ()
| {
| if (sizeof ((size_t)))
| 	    return 0;
|   ;
|   return 0;
| }
configure:13091: result: yes
configure:13106: checking for strdup
configure:13106: /gpfs/gibbs/project/heeger/egp28/conda_envs/ROOT6/bin/x86_64-conda-linux-gnu-cc -o conftest -march=nocona -mtune=haswell -ftree-vectorize -fPIC -fstack-protector-strong -fno-plt -O2 -ffunction-sections -pipe -isystem /gpfs/gibbs/project/heeger/egp28/conda_envs/ROOT6/include -DNDEBUG -D_FORTIFY_SOURCE=2 -O2 -isystem /gpfs/gibbs/project/heeger/egp28/conda_envs/ROOT6/include -Wl,-O2 -Wl,--sort-common -Wl,--as-needed -Wl,-z,relro -Wl,-z,now -Wl,--disable-new-dtags -Wl,--gc-sections -Wl,-rpath,/gpfs/gibbs/project/heeger/egp28/conda_envs/ROOT6/lib -Wl,-rpath-link,/gpfs/gibbs/project/heeger/egp28/conda_envs/ROOT6/lib -L/gpfs/gibbs/project/heeger/egp28/conda_envs/ROOT6/lib conftest.c -L/gpfs/gibbs/project/heeger/egp28/conda_envs/ROOT6/lib -lgsl -lgslcblas -lm -lm  >&5
conftest.c:57:6: warning: conflicting types for built-in function 'strdup'; expected 'char *(const char *)' [-Wbuiltin-declaration-mismatch]
   57 | char strdup ();
      |      ^~~~~~
configure:13106: $? = 0
configure:13106: result: yes
configure:13106: checking for mkstemp
configure:13106: /gpfs/gibbs/project/heeger/egp28/conda_envs/ROOT6/bin/x86_64-conda-linux-gnu-cc -o conftest -march=nocona -mtune=haswell -ftree-vectorize -fPIC -fstack-protector-strong -fno-plt -O2 -ffunction-sections -pipe -isystem /gpfs/gibbs/project/heeger/egp28/conda_envs/ROOT6/include -DNDEBUG -D_FORTIFY_SOURCE=2 -O2 -isystem /gpfs/gibbs/project/heeger/egp28/conda_envs/ROOT6/include -Wl,-O2 -Wl,--sort-common -Wl,--as-needed -Wl,-z,relro -Wl,-z,now -Wl,--disable-new-dtags -Wl,--gc-sections -Wl,-rpath,/gpfs/gibbs/project/heeger/egp28/conda_envs/ROOT6/lib -Wl,-rpath-link,/gpfs/gibbs/project/heeger/egp28/conda_envs/ROOT6/lib -L/gpfs/gibbs/project/heeger/egp28/conda_envs/ROOT6/lib conftest.c -L/gpfs/gibbs/project/heeger/egp28/conda_envs/ROOT6/lib -lgsl -lgslcblas -lm -lm  >&5
configure:13106: $? = 0
configure:13106: result: yes
configure:13106: checking for tempnam
configure:13106: /gpfs/gibbs/project/heeger/egp28/conda_envs/ROOT6/bin/x86_64-conda-linux-gnu-cc -o conftest -march=nocona -mtune=haswell -ftree-vectorize -fPIC -fstack-protector-strong -fno-plt -O2 -ffunction-sections -pipe -isystem /gpfs/gibbs/project/heeger/egp28/conda_envs/ROOT6/include -DNDEBUG -D_FORTIFY_SOURCE=2 -O2 -isystem /gpfs/gibbs/project/heeger/egp28/conda_envs/ROOT6/include -Wl,-O2 -Wl,--sort-common -Wl,--as-needed -Wl,-z,relro -Wl,-z,now -Wl,--disable-new-dtags -Wl,--gc-sections -Wl,-rpath,/gpfs/gibbs/project/heeger/egp28/conda_envs/ROOT6/lib -Wl,-rpath-link,/gpfs/gibbs/project/heeger/egp28/conda_envs/ROOT6/lib -L/gpfs/gibbs/project/heeger/egp28/conda_envs/ROOT6/lib conftest.c -L/gpfs/gibbs/project/heeger/egp28/conda_envs/ROOT6/lib -lgsl -lgslcblas -lm -lm  >&5
/gpfs/gibbs/project/heeger/egp28/conda_envs/ROOT6/bin/../lib/gcc/x86_64-conda-linux-gnu/9.3.0/../../../../x86_64-conda-linux-gnu/bin/ld: /tmp/ccXZlaCU.o: in function `main':
conftest.c:(.text.startup.main+0x8): warning: the use of `tempnam' is dangerous, better use `mkstemp'
configure:13106: $? = 0
configure:13106: result: yes
configure:13117: checking for working alloca.h
configure:13134: /gpfs/gibbs/project/heeger/egp28/conda_envs/ROOT6/bin/x86_64-conda-linux-gnu-cc -o conftest -march=nocona -mtune=haswell -ftree-vectorize -fPIC -fstack-protector-strong -fno-plt -O2 -ffunction-sections -pipe -isystem /gpfs/gibbs/project/heeger/egp28/conda_envs/ROOT6/include -DNDEBUG -D_FORTIFY_SOURCE=2 -O2 -isystem /gpfs/gibbs/project/heeger/egp28/conda_envs/ROOT6/include -Wl,-O2 -Wl,--sort-common -Wl,--as-needed -Wl,-z,relro -Wl,-z,now -Wl,--disable-new-dtags -Wl,--gc-sections -Wl,-rpath,/gpfs/gibbs/project/heeger/egp28/conda_envs/ROOT6/lib -Wl,-rpath-link,/gpfs/gibbs/project/heeger/egp28/conda_envs/ROOT6/lib -L/gpfs/gibbs/project/heeger/egp28/conda_envs/ROOT6/lib conftest.c -L/gpfs/gibbs/project/heeger/egp28/conda_envs/ROOT6/lib -lgsl -lgslcblas -lm -lm  >&5
configure:13134: $? = 0
configure:13142: result: yes
configure:13150: checking for alloca
configure:13187: /gpfs/gibbs/project/heeger/egp28/conda_envs/ROOT6/bin/x86_64-conda-linux-gnu-cc -o conftest -march=nocona -mtune=haswell -ftree-vectorize -fPIC -fstack-protector-strong -fno-plt -O2 -ffunction-sections -pipe -isystem /gpfs/gibbs/project/heeger/egp28/conda_envs/ROOT6/include -DNDEBUG -D_FORTIFY_SOURCE=2 -O2 -isystem /gpfs/gibbs/project/heeger/egp28/conda_envs/ROOT6/include -Wl,-O2 -Wl,--sort-common -Wl,--as-needed -Wl,-z,relro -Wl,-z,now -Wl,--disable-new-dtags -Wl,--gc-sections -Wl,-rpath,/gpfs/gibbs/project/heeger/egp28/conda_envs/ROOT6/lib -Wl,-rpath-link,/gpfs/gibbs/project/heeger/egp28/conda_envs/ROOT6/lib -L/gpfs/gibbs/project/heeger/egp28/conda_envs/ROOT6/lib conftest.c -L/gpfs/gibbs/project/heeger/egp28/conda_envs/ROOT6/lib -lgsl -lgslcblas -lm -lm  >&5
configure:13187: $? = 0
configure:13195: result: yes
configure:13650: checking that generated files are newer than configure
configure:13656: result: done
configure:13695: creating ./config.status

## ---------------------- ##
## Running config.status. ##
## ---------------------- ##

This file was extended by GLoBES config.status 3.2.18, which was
generated by GNU Autoconf 2.69.  Invocation command line was

  CONFIG_FILES    = 
  CONFIG_HEADERS  = 
  CONFIG_LINKS    = 
  CONFIG_COMMANDS = 
  $ ./config.status 

on login1.grace.ycrc.yale.edu

config.status:1160: creating globes.spec
config.status:1160: creating Makefile
config.status:1160: creating globes/Makefile
config.status:1160: creating globes/example.pl
config.status:1160: creating source/Makefile
config.status:1160: creating examples/Makefile
config.status:1160: creating data/Makefile
config.status:1160: creating globes-config
config.status:1160: creating doc/Makefile
config.status:1160: creating lib/Makefile
config.status:1160: creating config.h
config.status:1341: config.h is unchanged
config.status:1389: executing depfiles commands
config.status:1466: cd globes       && sed -e '/# am--include-marker/d' Makefile         | make -f - am--depfiles
make: Nothing to be done for 'am--depfiles'.
config.status:1471: $? = 0
config.status:1466: cd source       && sed -e '/# am--include-marker/d' Makefile         | make -f - am--depfiles
make: Nothing to be done for 'am--depfiles'.
config.status:1471: $? = 0
config.status:1389: executing libtool commands

## ---------------- ##
## Cache variables. ##
## ---------------- ##

ac_cv_build=x86_64-conda-linux-gnu
ac_cv_c_compiler_gnu=yes
ac_cv_c_const=yes
ac_cv_env_CC_set=set
ac_cv_env_CC_value=/gpfs/gibbs/project/heeger/egp28/conda_envs/ROOT6/bin/x86_64-conda-linux-gnu-cc
ac_cv_env_CFLAGS_set=set
ac_cv_env_CFLAGS_value='-march=nocona -mtune=haswell -ftree-vectorize -fPIC -fstack-protector-strong -fno-plt -O2 -ffunction-sections -pipe -isystem /gpfs/gibbs/project/heeger/egp28/conda_envs/ROOT6/include'
ac_cv_env_CPPFLAGS_set=set
ac_cv_env_CPPFLAGS_value='-DNDEBUG -D_FORTIFY_SOURCE=2 -O2 -isystem /gpfs/gibbs/project/heeger/egp28/conda_envs/ROOT6/include'
ac_cv_env_CPP_set=set
ac_cv_env_CPP_value=/gpfs/gibbs/project/heeger/egp28/conda_envs/ROOT6/bin/x86_64-conda-linux-gnu-cpp
ac_cv_env_LDFLAGS_set=set
ac_cv_env_LDFLAGS_value='-Wl,-O2 -Wl,--sort-common -Wl,--as-needed -Wl,-z,relro -Wl,-z,now -Wl,--disable-new-dtags -Wl,--gc-sections -Wl,-rpath,/gpfs/gibbs/project/heeger/egp28/conda_envs/ROOT6/lib -Wl,-rpath-link,/gpfs/gibbs/project/heeger/egp28/conda_envs/ROOT6/lib -L/gpfs/gibbs/project/heeger/egp28/conda_envs/ROOT6/lib'
ac_cv_env_LIBS_set=
ac_cv_env_LIBS_value=
ac_cv_env_YACC_set=
ac_cv_env_YACC_value=
ac_cv_env_YFLAGS_set=
ac_cv_env_YFLAGS_value=
ac_cv_env_build_alias_set=set
ac_cv_env_build_alias_value=x86_64-conda-linux-gnu
ac_cv_env_host_alias_set=set
ac_cv_env_host_alias_value=x86_64-conda-linux-gnu
ac_cv_env_target_alias_set=
ac_cv_env_target_alias_value=
ac_cv_func_alloca_works=yes
ac_cv_func_mkstemp=yes
ac_cv_func_obstack=yes
ac_cv_func_strdup=yes
ac_cv_func_tempnam=yes
ac_cv_header_dlfcn_h=yes
ac_cv_header_gsl_gsl_errno_h=yes
ac_cv_header_gsl_gsl_math_h=yes
ac_cv_header_gsl_gsl_sf_erf_h=yes
ac_cv_header_inttypes_h=yes
ac_cv_header_memory_h=yes
ac_cv_header_stdc=yes
ac_cv_header_stdint_h=yes
ac_cv_header_stdlib_h=yes
ac_cv_header_string_h=yes
ac_cv_header_strings_h=yes
ac_cv_header_sys_stat_h=yes
ac_cv_header_sys_types_h=yes
ac_cv_header_unistd_h=yes
ac_cv_host=x86_64-conda-linux-gnu
ac_cv_lib_m_main=yes
ac_cv_objext=o
ac_cv_path_EGREP='/usr/bin/grep -E'
ac_cv_path_FGREP='/usr/bin/grep -F'
ac_cv_path_GREP=/usr/bin/grep
ac_cv_path_GSL_CONFIG=/gpfs/gibbs/project/heeger/egp28/conda_envs/ROOT6/bin/gsl-config
ac_cv_path_SED=/gpfs/gibbs/project/heeger/egp28/conda_envs/ROOT6/bin/sed
ac_cv_path_install='/usr/bin/install -c'
ac_cv_path_mkdir=/usr/bin/mkdir
ac_cv_prog_AR=/gpfs/gibbs/project/heeger/egp28/conda_envs/ROOT6/bin/x86_64-conda-linux-gnu-ar
ac_cv_prog_AWK=gawk
ac_cv_prog_CC=/gpfs/gibbs/project/heeger/egp28/conda_envs/ROOT6/bin/x86_64-conda-linux-gnu-cc
ac_cv_prog_CPP=/gpfs/gibbs/project/heeger/egp28/conda_envs/ROOT6/bin/x86_64-conda-linux-gnu-cpp
ac_cv_prog_OBJDUMP=/gpfs/gibbs/project/heeger/egp28/conda_envs/ROOT6/bin/x86_64-conda-linux-gnu-objdump
ac_cv_prog_RANLIB=/gpfs/gibbs/project/heeger/egp28/conda_envs/ROOT6/bin/x86_64-conda-linux-gnu-ranlib
ac_cv_prog_STRIP=/gpfs/gibbs/project/heeger/egp28/conda_envs/ROOT6/bin/x86_64-conda-linux-gnu-strip
ac_cv_prog_cc_c89=
ac_cv_prog_cc_c99=
ac_cv_prog_cc_g=yes
ac_cv_prog_make_make_set=yes
ac_cv_type_size_t=yes
ac_cv_type_unsigned_long_long=yes
ac_cv_working_alloca_h=yes
am_cv_CC_dependencies_compiler_type=gcc3
am_cv_make_support_nested_variables=yes
am_cv_prog_cc_c_o=yes
gl_cv_header_inttypes_h=yes
gl_cv_header_stdint_h=yes
lt_cv_ar_at_file=@
lt_cv_archive_cmds_need_lc=no
lt_cv_deplibs_check_method=pass_all
lt_cv_file_magic_cmd='$MAGIC_CMD'
lt_cv_file_magic_test_file=
lt_cv_ld_reload_flag=-r
lt_cv_nm_interface='BSD nm'
lt_cv_objdir=.libs
lt_cv_path_LD=/gpfs/gibbs/project/heeger/egp28/conda_envs/ROOT6/bin/x86_64-conda-linux-gnu-ld
lt_cv_path_NM=/gpfs/gibbs/project/heeger/egp28/conda_envs/ROOT6/bin/x86_64-conda-linux-gnu-nm
lt_cv_path_mainfest_tool=no
lt_cv_prog_compiler_c_o=yes
lt_cv_prog_compiler_pic='-fPIC -DPIC'
lt_cv_prog_compiler_pic_works=yes
lt_cv_prog_compiler_rtti_exceptions=no
lt_cv_prog_compiler_static_works=no
lt_cv_prog_gnu_ld=yes
lt_cv_sharedlib_from_linklib_cmd='printf %s\n'
lt_cv_shlibpath_overrides_runpath=no
lt_cv_sys_global_symbol_pipe='sed -n -e '\''s/^.*[	 ]\([ABCDGIRSTW][ABCDGIRSTW]*\)[	 ][	 ]*\([_A-Za-z][_A-Za-z0-9]*\)$/\1 \2 \2/p'\'' | sed '\''/ __gnu_lto/d'\'''
lt_cv_sys_global_symbol_to_c_name_address='sed -n -e '\''s/^: \([^ ]*\)[ ]*$/  {\"\1\", (void *) 0},/p'\'' -e '\''s/^[ABCDGIRSTW]* \([^ ]*\) \([^ ]*\)$/  {"\2", (void *) \&\2},/p'\'''
lt_cv_sys_global_symbol_to_c_name_address_lib_prefix='sed -n -e '\''s/^: \([^ ]*\)[ ]*$/  {\"\1\", (void *) 0},/p'\'' -e '\''s/^[ABCDGIRSTW]* \([^ ]*\) \(lib[^ ]*\)$/  {"\2", (void *) \&\2},/p'\'' -e '\''s/^[ABCDGIRSTW]* \([^ ]*\) \([^ ]*\)$/  {"lib\2", (void *) \&\2},/p'\'''
lt_cv_sys_global_symbol_to_cdecl='sed -n -e '\''s/^T .* \(.*\)$/extern int \1();/p'\'' -e '\''s/^[ABCDGIRSTW]* .* \(.*\)$/extern char \1;/p'\'''
lt_cv_sys_max_cmd_len=3458764513820540925
lt_cv_to_host_file_cmd=func_convert_file_noop
lt_cv_to_tool_file_cmd=func_convert_file_noop

## ----------------- ##
## Output variables. ##
## ----------------- ##

ACLOCAL='aclocal-1.16'
ALLOCA=''
AMDEPBACKSLASH='\'
AMDEP_FALSE='#'
AMDEP_TRUE=''
AMTAR='$${TAR-tar}'
AM_BACKSLASH='\'
AM_DEFAULT_V='$(AM_DEFAULT_VERBOSITY)'
AM_DEFAULT_VERBOSITY='0'
AM_V='$(V)'
AR='/gpfs/gibbs/project/heeger/egp28/conda_envs/ROOT6/bin/x86_64-conda-linux-gnu-ar'
AUTOCONF='autoconf'
AUTOHEADER='autoheader'
AUTOMAKE='automake-1.16'
AWK='gawk'
CC='/gpfs/gibbs/project/heeger/egp28/conda_envs/ROOT6/bin/x86_64-conda-linux-gnu-cc'
CCDEPMODE='depmode=gcc3'
CFLAGS='-march=nocona -mtune=haswell -ftree-vectorize -fPIC -fstack-protector-strong -fno-plt -O2 -ffunction-sections -pipe -isystem /gpfs/gibbs/project/heeger/egp28/conda_envs/ROOT6/include'
CPP='/gpfs/gibbs/project/heeger/egp28/conda_envs/ROOT6/bin/x86_64-conda-linux-gnu-cpp'
CPPFLAGS='-DNDEBUG -D_FORTIFY_SOURCE=2 -O2 -isystem /gpfs/gibbs/project/heeger/egp28/conda_envs/ROOT6/include'
CYGPATH_W='echo'
DEFS='-DHAVE_CONFIG_H'
DEPDIR='.deps'
DLLTOOL='false'
DSYMUTIL=''
DUMPBIN=''
ECHO_C=''
ECHO_N='-n'
ECHO_T=''
EGREP='/usr/bin/grep -E'
ENABLE_BINARY_FALSE=''
ENABLE_BINARY_TRUE='#'
EXEEXT=''
FGREP='/usr/bin/grep -F'
GLBLIBVERSION='11:2:3'
GREP='/usr/bin/grep'
GSLINC='-I/gpfs/gibbs/project/heeger/egp28/conda_envs/ROOT6/include'
GSL_CFLAGS='-I/gpfs/gibbs/project/heeger/egp28/conda_envs/ROOT6/include'
GSL_CONFIG='/gpfs/gibbs/project/heeger/egp28/conda_envs/ROOT6/bin/gsl-config'
GSL_LIBS='-L/gpfs/gibbs/project/heeger/egp28/conda_envs/ROOT6/lib -lgsl -lgslcblas -lm'
INSTALL_DATA='${INSTALL} -m 644'
INSTALL_PROGRAM='${INSTALL}'
INSTALL_SCRIPT='${INSTALL}'
INSTALL_STRIP_PROGRAM='$(install_sh) -c -s'
LD='/gpfs/gibbs/project/heeger/egp28/conda_envs/ROOT6/bin/x86_64-conda-linux-gnu-ld -m elf_x86_64'
LDFLAGS='-Wl,-O2 -Wl,--sort-common -Wl,--as-needed -Wl,-z,relro -Wl,-z,now -Wl,--disable-new-dtags -Wl,--gc-sections -Wl,-rpath,/gpfs/gibbs/project/heeger/egp28/conda_envs/ROOT6/lib -Wl,-rpath-link,/gpfs/gibbs/project/heeger/egp28/conda_envs/ROOT6/lib -L/gpfs/gibbs/project/heeger/egp28/conda_envs/ROOT6/lib'
LEX=':'
LEXLIB=''
LEX_OUTPUT_ROOT=''
LIBOBJS=' ${LIBOBJDIR}exitfail$U.o'
LIBS='-L/gpfs/gibbs/project/heeger/egp28/conda_envs/ROOT6/lib -lgsl -lgslcblas -lm -lm '
LIBTOOL='$(SHELL) $(top_builddir)/libtool'
LIPO=''
LN_S='ln -s'
LTALLOCA=''
LTLIBOBJS=' ${LIBOBJDIR}exitfail$U.lo'
MAINT='#'
MAINTAINER_MODE_FALSE=''
MAINTAINER_MODE_TRUE='#'
MAKEINFO='makeinfo'
MAKE_RPMS_FALSE=''
MAKE_RPMS_TRUE='#'
MANIFEST_TOOL=':'
MKDIR_P='/usr/bin/mkdir -p'
NM='/gpfs/gibbs/project/heeger/egp28/conda_envs/ROOT6/bin/x86_64-conda-linux-gnu-nm'
NMEDIT=''
OBJDUMP='/gpfs/gibbs/project/heeger/egp28/conda_envs/ROOT6/bin/x86_64-conda-linux-gnu-objdump'
OBJEXT='o'
OTOOL64=''
OTOOL=''
PACKAGE='globes'
PACKAGE_BUGREPORT='globes@mpi-hd.mpg.de'
PACKAGE_NAME='GLoBES'
PACKAGE_STRING='GLoBES 3.2.18'
PACKAGE_TARNAME='globes'
PACKAGE_URL=''
PACKAGE_VERSION='3.2.18'
PATH_SEPARATOR=':'
PERL_FALSE=''
PERL_TRUE='#'
RANLIB='/gpfs/gibbs/project/heeger/egp28/conda_envs/ROOT6/bin/x86_64-conda-linux-gnu-ranlib'
RPM_ARCHS='x86_64'
RPM_ARGS=''
RPM_BUILD_DIR=''
RPM_CLEAN_NAMES=''
RPM_CONFIGURE_ARGS=' '\''--prefix=/home/egp28/SN_stuff/globes-3.2.18/install'\'' '\''--disable-binary'\'' '\''build_alias=x86_64-conda-linux-gnu'\'' '\''host_alias=x86_64-conda-linux-gnu'\'' '\''CC=/gpfs/gibbs/project/heeger/egp28/conda_envs/ROOT6/bin/x86_64-conda-linux-gnu-cc'\'' '\''CFLAGS=-march=nocona -mtune=haswell -ftree-vectorize -fPIC -fstack-protector-strong -fno-plt -O2 -ffunction-sections -pipe -isystem /gpfs/gibbs/project/heeger/egp28/conda_envs/ROOT6/include'\'' '\''LDFLAGS=-Wl,-O2 -Wl,--sort-common -Wl,--as-needed -Wl,-z,relro -Wl,-z,now -Wl,--disable-new-dtags -Wl,--gc-sections -Wl,-rpath,/gpfs/gibbs/project/heeger/egp28/conda_envs/ROOT6/lib -Wl,-rpath-link,/gpfs/gibbs/project/heeger/egp28/conda_envs/ROOT6/lib -L/gpfs/gibbs/project/heeger/egp28/conda_envs/ROOT6/lib'\'' '\''CPPFLAGS=-DNDEBUG -D_FORTIFY_SOURCE=2 -O2 -isystem /gpfs/gibbs/project/heeger/egp28/conda_envs/ROOT6/include'\'' '\''CPP=/gpfs/gibbs/project/heeger/egp28/conda_envs/ROOT6/bin/x86_64-conda-linux-gnu-cpp'\'''
RPM_DIR=''
RPM_PROG=''
RPM_RELEASE='0'
RPM_SOURCE_DIR=''
RPM_SRC_DIR=''
RPM_SRPM_NAME=''
RPM_TARBALL=''
RPM_TARGET=''
RPM_VERSION=''
SED='/gpfs/gibbs/project/heeger/egp28/conda_envs/ROOT6/bin/sed'
SET_MAKE=''
SHELL='/bin/sh'
STRIP='/gpfs/gibbs/project/heeger/egp28/conda_envs/ROOT6/bin/x86_64-conda-linux-gnu-strip'
SWIG='swig'
SWIG_LIB=''
VERSION='3.2.18'
YACC='yacc'
YFLAGS=''
ac_ct_AR=''
ac_ct_CC=''
ac_ct_DUMPBIN=''
am__EXEEXT_FALSE=''
am__EXEEXT_TRUE='#'
am__fastdepCC_FALSE='#'
am__fastdepCC_TRUE=''
am__include='include'
am__isrc=''
am__leading_dot='.'
am__nodep='_no'
am__quote=''
am__tar='$${TAR-tar} chof - "$$tardir"'
am__untar='$${TAR-tar} xf -'
bindir='${exec_prefix}/bin'
build='x86_64-conda-linux-gnu'
build_alias='x86_64-conda-linux-gnu'
build_cpu='x86_64'
build_os='linux-gnu'
build_vendor='conda'
datadir='${datarootdir}'
datarootdir='${prefix}/share'
docdir='${datarootdir}/doc/${PACKAGE_TARNAME}'
dvidir='${docdir}'
exec_prefix='${prefix}'
hardcode_libdir_flag_spec='${wl}-rpath ${wl}$libdir'
host='x86_64-conda-linux-gnu'
host_alias='x86_64-conda-linux-gnu'
host_cpu='x86_64'
host_os='linux-gnu'
host_vendor='conda'
htmldir='${docdir}'
includedir='${prefix}/include'
infodir='${datarootdir}/info'
install_sh='${SHELL} /home/egp28/SN_stuff/globes-3.2.18/install-sh'
libdir='${exec_prefix}/lib'
libexecdir='${exec_prefix}/libexec'
localedir='${datarootdir}/locale'
localstatedir='${prefix}/var'
mandir='${datarootdir}/man'
mkdir_p='$(MKDIR_P)'
oldincludedir='/usr/include'
pdfdir='${docdir}'
perl=''
perl_cflags=''
perl_includes=''
perl_installdir=''
prefix='/home/egp28/SN_stuff/globes-3.2.18/install'
program_transform_name='s,x,x,'
psdir='${docdir}'
really_build_perl='no'
runstatedir='${localstatedir}/run'
sbindir='${exec_prefix}/sbin'
sharedstatedir='${prefix}/com'
shrext_cmds='.so'
sysconfdir='${prefix}/etc'
target_alias=''
wl='-Wl,'

## ----------- ##
## confdefs.h. ##
## ----------- ##

/* confdefs.h */
#define PACKAGE_NAME "GLoBES"
#define PACKAGE_TARNAME "globes"
#define PACKAGE_VERSION "3.2.18"
#define PACKAGE_STRING "GLoBES 3.2.18"
#define PACKAGE_BUGREPORT "globes@mpi-hd.mpg.de"
#define PACKAGE_URL ""
#define PACKAGE "globes"
#define VERSION "3.2.18"
#define GLB_LIBVERSION "11:2:3"
#define STDC_HEADERS 1
#define HAVE_SYS_TYPES_H 1
#define HAVE_SYS_STAT_H 1
#define HAVE_STDLIB_H 1
#define HAVE_STRING_H 1
#define HAVE_MEMORY_H 1
#define HAVE_STRINGS_H 1
#define HAVE_INTTYPES_H 1
#define HAVE_STDINT_H 1
#define HAVE_UNISTD_H 1
#define HAVE_DLFCN_H 1
#define LT_OBJDIR ".libs/"
#define HAVE_INTTYPES_H_WITH_UINTMAX 1
#define HAVE_STDINT_H_WITH_UINTMAX 1
#define HAVE_UNSIGNED_LONG_LONG 1
#define HAVE_UINTMAX_T 1
#define HAVE_OBSTACK 1
#define HAVE_LIBM 1
#define HAVE_GSL_GSL_MATH_H 1
#define HAVE_GSL_GSL_SF_ERF_H 1
#define HAVE_GSL_GSL_ERRNO_H 1
#define STDC_HEADERS 1
#define HAVE_STRDUP 1
#define HAVE_MKSTEMP 1
#define HAVE_TEMPNAM 1
#define HAVE_ALLOCA_H 1
#define HAVE_ALLOCA 1

configure: exit 0
